GROUP,PACKAGE,CLASS,INSTRUCTION_MISSED,INSTRUCTION_COVERED,BRANCH_MISSED,BRANCH_COVERED,LINE_MISSED,LINE_COVERED,COMPLEXITY_MISSED,COMPLEXITY_COVERED,METHOD_MISSED,METHOD_COVERED
transaction-api-service,com.harpreetsaund.transactionapiservice.model,Transaction,4,284,3,3,2,60,3,30,0,30
transaction-api-service,com.harpreetsaund.transactionapiservice.controller,TransactionController,68,128,0,0,21,35,0,9,0,9
transaction-api-service,com.harpreetsaund.transactionapiservice,TransactionApiServiceApplication,5,3,0,0,2,1,1,1,1,1
transaction-api-service,com.harpreetsaund.transactionapiservice.service,TransactionApiService,0,229,0,2,0,46,0,12,0,11
transaction-api-service,com.harpreetsaund.transactionapiservice.mapper,TransactionMapper,0,111,0,0,0,29,0,3,0,3
transaction-api-service,com.harpreetsaund.transactionapiservice.config,TransactionConfig,0,11,0,0,0,4,0,3,0,3
transaction-api-service,com.harpreetsaund.transactionapiservice.config,DatasourceConfig,1,35,1,1,0,8,1,3,0,3
transaction-api-service,com.harpreetsaund.transactionapiservice.config,EnvironmentConfig,0,19,0,0,0,7,0,3,0,3
